MIF/HEX Update report for ArrayUltrasound
Tue May 12 18:23:57 2015
Quartus II Version 9.0 Build 132 02/25/2009 SJ Full Version


---------------------
; Table of Contents ;
---------------------
  1. Legal Notice
  2. MIF/HEX Update Summary
  3. MIF/HEX Update Processed Files
  4. MIF/HEX Update Messages



----------------
; Legal Notice ;
----------------
Copyright (C) 1991-2009 Altera Corporation
Your use of Altera Corporation's design tools, logic functions 
and other software and tools, and its AMPP partner logic 
functions, and any output files from any of the foregoing 
(including device programming or simulation files), and any 
associated documentation or information are expressly subject 
to the terms and conditions of the Altera Program License 
Subscription Agreement, Altera MegaCore Function License 
Agreement, or other applicable license agreement, including, 
without limitation, that your use is for the sole purpose of 
programming logic devices manufactured by Altera and sold by 
Altera or its authorized distributors.  Please refer to the 
applicable agreement for further details.



+---------------------------------------------------------------+
; MIF/HEX Update Summary                                        ;
+-----------------------+---------------------------------------+
; MIF/HEX Update Status ; Successful - Tue May 12 18:23:57 2015 ;
; Revision Name         ; ArrayUltrasound                       ;
; Top-level Entity Name ; ArrayUltrasound                       ;
; Family                ; Cyclone III                           ;
; Device                ; EP3C40F484C8                          ;
+-----------------------+---------------------------------------+


+---------------------------------------------------------------------------------------------+
; MIF/HEX Update Processed Files                                                              ;
+---------------------------------------------------------------------------------------------+
; File Name                                                                                   ;
+---------------------------------------------------------------------------------------------+
; D:/畜牧业B超/阵列方案/程序/128阵元方案/ArrayUltrasound - 16T32R-R60 - wifi/Apod.mif         ;
; D:/畜牧业B超/阵列方案/程序/128阵元方案/ArrayUltrasound - 16T32R-R60 - wifi/DynamicFocus.mif ;
; D:/畜牧业B超/阵列方案/程序/128阵元方案/ArrayUltrasound - 16T32R-R60 - wifi/HV_SW.mif        ;
; D:/畜牧业B超/阵列方案/程序/128阵元方案/ArrayUltrasound - 16T32R-R60 - wifi/LOG_Table.mif    ;
; D:/畜牧业B超/阵列方案/程序/128阵元方案/ArrayUltrasound - 16T32R-R60 - wifi/R_SEQ.mif        ;
; D:/畜牧业B超/阵列方案/程序/128阵元方案/ArrayUltrasound - 16T32R-R60 - wifi/Test_Line.mif    ;
; D:/畜牧业B超/阵列方案/程序/128阵元方案/ArrayUltrasound - 16T32R-R60 - wifi/test.mif         ;
; D:/畜牧业B超/阵列方案/程序/128阵元方案/ArrayUltrasound - 16T32R-R60 - wifi/tgc.mif          ;
+---------------------------------------------------------------------------------------------+


+-------------------------+
; MIF/HEX Update Messages ;
+-------------------------+
Info: *******************************************************************
Info: Running Quartus II MIF/HEX Update
    Info: Version 9.0 Build 132 02/25/2009 SJ Full Version
    Info: Processing started: Tue May 12 18:23:54 2015
Info: Command: quartus_cdb ArrayUltrasound -c ArrayUltrasound --update_mif
Warning: Can't find Memory Initialization File LOG_Table-log.mif -- skipped updates for this file
Info: Processed the following Memory Initialization File(s)
    Info: Processed Memory Initialization File D:/畜牧业B超/阵列方案/程序/128阵元方案/ArrayUltrasound - 16T32R-R60 - wifi/Apod.mif
    Info: Processed Memory Initialization File D:/畜牧业B超/阵列方案/程序/128阵元方案/ArrayUltrasound - 16T32R-R60 - wifi/DynamicFocus.mif
    Info: Processed Memory Initialization File D:/畜牧业B超/阵列方案/程序/128阵元方案/ArrayUltrasound - 16T32R-R60 - wifi/HV_SW.mif
    Info: Processed Memory Initialization File D:/畜牧业B超/阵列方案/程序/128阵元方案/ArrayUltrasound - 16T32R-R60 - wifi/LOG_Table.mif
    Info: Processed Memory Initialization File D:/畜牧业B超/阵列方案/程序/128阵元方案/ArrayUltrasound - 16T32R-R60 - wifi/R_SEQ.mif
    Info: Processed Memory Initialization File D:/畜牧业B超/阵列方案/程序/128阵元方案/ArrayUltrasound - 16T32R-R60 - wifi/Test_Line.mif
    Info: Processed Memory Initialization File D:/畜牧业B超/阵列方案/程序/128阵元方案/ArrayUltrasound - 16T32R-R60 - wifi/test.mif
    Info: Processed Memory Initialization File D:/畜牧业B超/阵列方案/程序/128阵元方案/ArrayUltrasound - 16T32R-R60 - wifi/tgc.mif
Info: Quartus II MIF/HEX Update was successful. 0 errors, 1 warning
    Info: Peak virtual memory: 298 megabytes
    Info: Processing ended: Tue May 12 18:23:58 2015
    Info: Elapsed time: 00:00:04
    Info: Total CPU time (on all processors): 00:00:04


